[2019-12-31T19:25:16.508] [DEBUG] cheese - login => username:namefhf,password:19971031fhf
[2019-12-31T19:25:16.510] [DEBUG] cheese - namefhf
[2019-12-31T19:27:26.226] [DEBUG] cheese - login => username:namefhf,password:19971031fhf
[2019-12-31T19:27:26.226] [DEBUG] cheese - namefhf
[2019-12-31T19:27:26.238] [DEBUG] cheese - null
[2019-12-31T19:27:26.239] [DEBUG] cheese - null
[2019-12-31T19:27:26.244] [DEBUG] cheese - null
[2019-12-31T19:27:26.244] [DEBUG] cheese - null
[2019-12-31T19:30:14.438] [DEBUG] cheese - login => username:admin,password:123456
[2019-12-31T19:30:14.442] [DEBUG] cheese - admin
[2019-12-31T19:30:14.468] [DEBUG] cheese - null
[2019-12-31T19:30:14.470] [DEBUG] cheese - null
[2019-12-31T19:32:33.309] [DEBUG] cheese - login => username:namefhf,password:19971031fhf
[2019-12-31T19:32:33.309] [DEBUG] cheese - namefhf
[2019-12-31T19:32:33.316] [DEBUG] cheese - null
[2019-12-31T19:32:33.316] [DEBUG] cheese - null
[2019-12-31T19:58:27.975] [DEBUG] cheese - login => username:admin,password:123456
[2019-12-31T19:58:27.975] [DEBUG] cheese - admin
[2019-12-31T19:58:28.009] [DEBUG] cheese - null
[2019-12-31T19:58:28.009] [DEBUG] cheese - null
[2020-01-01T13:39:58.182] [DEBUG] cheese - login => username:admin,password:123456
[2020-01-01T13:39:58.184] [DEBUG] cheese - admin
[2020-01-01T13:39:58.283] [DEBUG] cheese - null
[2020-01-01T13:39:58.284] [DEBUG] cheese - null
[2020-01-01T13:43:33.844] [DEBUG] cheese - login => username:admin,password:123456
[2020-01-01T13:43:33.844] [DEBUG] cheese - admin
[2020-01-01T13:43:33.850] [DEBUG] cheese - null
[2020-01-01T13:43:33.850] [DEBUG] cheese - null
[2020-01-01T13:45:23.942] [DEBUG] cheese - login => username:admin,password:123456
[2020-01-01T13:45:23.943] [DEBUG] cheese - admin
[2020-01-01T13:45:23.947] [DEBUG] cheese - null
[2020-01-01T13:45:23.947] [DEBUG] cheese - null
[2020-01-01T13:48:03.192] [DEBUG] cheese - login => username:admin,password:123456
[2020-01-01T13:48:03.193] [DEBUG] cheese - admin
[2020-01-01T13:48:03.197] [DEBUG] cheese - null
[2020-01-01T13:48:03.197] [DEBUG] cheese - null
[2020-01-01T13:48:10.160] [DEBUG] cheese - login => username:admin,password:11111111
[2020-01-01T13:48:10.160] [DEBUG] cheese - admin
[2020-01-01T13:48:10.163] [DEBUG] cheese - null
[2020-01-01T13:48:10.163] [DEBUG] cheese - null
[2020-01-01T13:52:13.511] [DEBUG] cheese - login => username:admin,password:123456
[2020-01-01T13:52:13.511] [DEBUG] cheese - admin
[2020-01-01T13:52:13.514] [DEBUG] cheese - null
[2020-01-01T13:52:13.515] [DEBUG] cheese - null
[2020-01-01T13:53:12.646] [DEBUG] cheese - login => username:admin,password:123456
[2020-01-01T13:53:12.646] [DEBUG] cheese - admin
[2020-01-01T13:53:12.649] [DEBUG] cheese - null
[2020-01-01T13:53:12.649] [DEBUG] cheese - null
[2020-01-01T13:55:03.210] [DEBUG] cheese - login => username:admin,password:123456
[2020-01-01T13:55:03.211] [DEBUG] cheese - admin
[2020-01-01T13:55:03.214] [DEBUG] cheese - null
[2020-01-01T13:55:03.214] [DEBUG] cheese - null
[2020-01-01T13:56:11.722] [DEBUG] cheese - login => username:admin,password:123456
[2020-01-01T13:56:11.722] [DEBUG] cheese - admin
[2020-01-01T13:56:11.725] [DEBUG] cheese - null
[2020-01-01T13:56:11.725] [DEBUG] cheese - null
[2020-01-01T13:59:20.515] [DEBUG] cheese - login => username:111,password:11111111
[2020-01-01T13:59:20.515] [DEBUG] cheese - 111
[2020-01-01T13:59:20.518] [DEBUG] cheese - null
[2020-01-01T13:59:20.518] [DEBUG] cheese - null
[2020-01-01T13:59:36.920] [DEBUG] cheese - login => username:111,password:111111
[2020-01-01T13:59:36.920] [DEBUG] cheese - 111
[2020-01-01T13:59:36.924] [DEBUG] cheese - null
[2020-01-01T13:59:36.924] [DEBUG] cheese - null
[2020-01-01T14:01:28.278] [DEBUG] cheese - login => username:admin,password:123456
[2020-01-01T14:01:28.278] [DEBUG] cheese - admin
[2020-01-01T14:01:28.284] [DEBUG] cheese - null
[2020-01-01T14:01:28.284] [DEBUG] cheese - null
[2020-01-01T14:02:19.101] [DEBUG] cheese - login => username:admin,password:123456
[2020-01-01T14:02:19.101] [DEBUG] cheese - admin
[2020-01-01T14:02:19.105] [DEBUG] cheese - null
[2020-01-01T14:02:19.105] [DEBUG] cheese - null
[2020-01-01T14:02:26.284] [DEBUG] cheese - login => username:admin,password:123456
[2020-01-01T14:02:26.284] [DEBUG] cheese - admin
[2020-01-01T14:02:26.291] [DEBUG] cheese - null
[2020-01-01T14:02:26.291] [DEBUG] cheese - null
[2020-01-01T14:02:34.934] [DEBUG] cheese - login => username:admin,password:123456
[2020-01-01T14:02:34.934] [DEBUG] cheese - admin
[2020-01-01T14:02:34.938] [DEBUG] cheese - null
[2020-01-01T14:02:34.938] [DEBUG] cheese - null
[2020-01-01T14:06:15.192] [DEBUG] cheese - login => username:admin,password:123456
[2020-01-01T14:06:15.192] [DEBUG] cheese - admin
[2020-01-01T14:06:15.196] [DEBUG] cheese - null
[2020-01-01T14:06:15.196] [DEBUG] cheese - null
[2020-01-01T14:07:03.607] [DEBUG] cheese - login => username:admin,password:123456
[2020-01-01T14:07:03.607] [DEBUG] cheese - admin
[2020-01-01T14:07:03.610] [DEBUG] cheese - null
[2020-01-01T14:07:03.611] [DEBUG] cheese - null
[2020-01-01T14:08:43.986] [DEBUG] cheese - login => username:admin,password:123456
[2020-01-01T14:08:43.986] [DEBUG] cheese - admin
[2020-01-01T14:08:43.990] [DEBUG] cheese - null
[2020-01-01T14:08:43.991] [DEBUG] cheese - null
[2020-01-01T14:10:46.220] [DEBUG] cheese - login => username:admin,password:123456
[2020-01-01T14:10:46.220] [DEBUG] cheese - admin
[2020-01-01T14:10:46.227] [DEBUG] cheese - null
[2020-01-01T14:10:46.227] [DEBUG] cheese - null
[2020-01-01T14:11:13.862] [DEBUG] cheese - login => username:admin,password:123456
[2020-01-01T14:11:13.862] [DEBUG] cheese - admin
[2020-01-01T14:11:13.866] [DEBUG] cheese - null
[2020-01-01T14:11:13.866] [DEBUG] cheese - null
[2020-01-01T14:12:53.939] [DEBUG] cheese - login => username:admin,password:123456
[2020-01-01T14:12:53.940] [DEBUG] cheese - admin
[2020-01-01T14:12:53.947] [DEBUG] cheese - null
[2020-01-01T14:12:53.947] [DEBUG] cheese - null
[2020-01-01T14:23:11.560] [DEBUG] cheese - login => username:admin,password:123456
[2020-01-01T14:23:11.561] [DEBUG] cheese - admin
[2020-01-01T14:23:11.564] [DEBUG] cheese - null
[2020-01-01T14:23:11.564] [DEBUG] cheese - null
[2020-01-01T14:26:23.038] [DEBUG] cheese - login => username:admin,password:123456
[2020-01-01T14:26:23.038] [DEBUG] cheese - admin
[2020-01-01T14:26:23.042] [DEBUG] cheese - null
[2020-01-01T14:26:23.042] [DEBUG] cheese - null
[2020-01-01T14:54:58.194] [DEBUG] cheese - login => username:admin,password:123456
[2020-01-01T14:54:58.194] [DEBUG] cheese - admin
[2020-01-01T14:54:58.200] [DEBUG] cheese - null
[2020-01-01T14:54:58.200] [DEBUG] cheese - null
[2020-01-01T15:36:58.082] [DEBUG] cheese - login => username:admin,password:123456
[2020-01-01T15:36:58.083] [DEBUG] cheese - admin
[2020-01-01T15:36:58.095] [DEBUG] cheese - null
[2020-01-01T15:36:58.095] [DEBUG] cheese - null
[2020-01-01T15:39:59.026] [DEBUG] cheese - login => username:admin,password:123456
[2020-01-01T15:39:59.027] [DEBUG] cheese - admin
[2020-01-01T15:39:59.031] [DEBUG] cheese - null
[2020-01-01T15:39:59.031] [DEBUG] cheese - null
[2020-01-01T15:42:58.154] [DEBUG] cheese - login => username:admin,password:123456
[2020-01-01T15:42:58.154] [DEBUG] cheese - admin
[2020-01-01T15:42:58.159] [DEBUG] cheese - null
[2020-01-01T15:42:58.160] [DEBUG] cheese - null
[2020-01-01T16:56:28.527] [DEBUG] cheese - login => username:admin,password:123456
[2020-01-01T16:56:28.528] [DEBUG] cheese - admin
[2020-01-01T16:56:28.535] [DEBUG] cheese - null
[2020-01-01T16:56:28.535] [DEBUG] cheese - null
[2020-01-01T16:56:48.581] [DEBUG] cheese - login => username:admin,password:123456
[2020-01-01T16:56:48.581] [DEBUG] cheese - admin
[2020-01-01T16:56:48.586] [DEBUG] cheese - null
[2020-01-01T16:56:48.586] [DEBUG] cheese - null
[2020-01-01T17:26:07.796] [DEBUG] cheese - login => username:admin,password:123456
[2020-01-01T17:26:07.796] [DEBUG] cheese - admin
[2020-01-01T17:26:07.800] [DEBUG] cheese - null
[2020-01-01T17:26:07.801] [DEBUG] cheese - null
[2020-01-01T17:41:55.018] [DEBUG] cheese - login => username:admin,password:123456
[2020-01-01T17:41:55.018] [DEBUG] cheese - admin
[2020-01-01T17:41:55.022] [DEBUG] cheese - null
[2020-01-01T17:41:55.023] [DEBUG] cheese - null
[2020-01-01T18:00:48.276] [DEBUG] cheese - login => username:admin,password:123456
[2020-01-01T18:00:48.276] [DEBUG] cheese - admin
[2020-01-01T18:00:48.282] [DEBUG] cheese - null
[2020-01-01T18:00:48.282] [DEBUG] cheese - null
[2020-01-01T18:01:08.538] [DEBUG] cheese - login => username:admin,password:123456
[2020-01-01T18:01:08.538] [DEBUG] cheese - admin
[2020-01-01T18:01:08.541] [DEBUG] cheese - null
[2020-01-01T18:01:08.542] [DEBUG] cheese - null
[2020-01-02T14:36:20.761] [DEBUG] cheese - login => username:admin,password:123456
[2020-01-02T14:36:20.764] [DEBUG] cheese - admin
[2020-01-02T14:36:20.862] [DEBUG] cheese - null
[2020-01-02T14:36:20.863] [DEBUG] cheese - null
[2020-01-02T16:43:02.865] [DEBUG] cheese - login => username:admin,password:123456
[2020-01-02T16:43:02.867] [DEBUG] cheese - admin
[2020-01-02T16:43:02.873] [DEBUG] cheese - null
[2020-01-02T16:43:02.873] [DEBUG] cheese - null
[2020-01-02T17:11:11.015] [DEBUG] cheese - login => username:admin,password:123456
[2020-01-02T17:11:11.015] [DEBUG] cheese - admin
[2020-01-02T17:11:11.020] [DEBUG] cheese - null
[2020-01-02T17:11:11.020] [DEBUG] cheese - null
[2020-01-02T17:11:34.535] [DEBUG] cheese - login => username:admin,password:123456
[2020-01-02T17:11:34.535] [DEBUG] cheese - admin
[2020-01-02T17:11:34.539] [DEBUG] cheese - null
[2020-01-02T17:11:34.539] [DEBUG] cheese - null
[2020-01-03T13:08:49.628] [DEBUG] cheese - login => username:admin,password:123456
[2020-01-03T13:08:49.630] [DEBUG] cheese - admin
[2020-01-03T13:08:49.735] [DEBUG] cheese - null
[2020-01-03T13:08:49.736] [DEBUG] cheese - null
[2020-01-03T13:09:51.908] [DEBUG] cheese - login => username:admin,password:123456
[2020-01-03T13:09:51.909] [DEBUG] cheese - admin
[2020-01-03T13:09:51.913] [DEBUG] cheese - null
[2020-01-03T13:09:51.913] [DEBUG] cheese - null
[2020-01-03T15:55:29.442] [DEBUG] cheese - login => username:admin,password:123456
[2020-01-03T15:55:29.442] [DEBUG] cheese - admin
[2020-01-03T15:55:29.446] [DEBUG] cheese - null
[2020-01-03T15:55:29.446] [DEBUG] cheese - null
[2020-01-03T16:12:04.384] [DEBUG] cheese - null
[2020-01-03T16:17:32.790] [DEBUG] cheese - null
[2020-01-03T16:19:44.897] [DEBUG] cheese - null
[2020-01-03T16:21:20.796] [DEBUG] cheese - null
[2020-01-03T16:21:25.003] [DEBUG] cheese - null
[2020-01-03T16:24:49.020] [DEBUG] cheese - null
[2020-01-08T10:19:56.451] [DEBUG] cheese - login => username:admin,password:123456
[2020-01-08T10:19:56.452] [DEBUG] cheese - admin
[2020-01-08T10:19:56.531] [DEBUG] cheese - null
[2020-01-08T10:19:56.532] [DEBUG] cheese - null
[2020-01-08T13:55:18.095] [DEBUG] cheese - login => username:admin,password:123456
[2020-01-08T13:55:18.098] [DEBUG] cheese - admin
[2020-01-08T13:55:18.108] [DEBUG] cheese - null
[2020-01-08T13:55:18.109] [DEBUG] cheese - null
[2020-01-08T13:59:44.199] [DEBUG] cheese - login => username:admin,password:123456
[2020-01-08T13:59:44.202] [DEBUG] cheese - admin
[2020-01-08T13:59:44.207] [DEBUG] cheese - null
[2020-01-08T13:59:44.208] [DEBUG] cheese - null
[2020-01-08T14:26:41.882] [DEBUG] cheese - login => username:admin,password:123456
[2020-01-08T14:26:41.884] [DEBUG] cheese - admin
[2020-01-08T14:26:41.892] [DEBUG] cheese - null
[2020-01-08T14:26:41.893] [DEBUG] cheese - null
[2020-01-10T13:03:36.153] [DEBUG] cheese - login => username:admin,password:123456
[2020-01-10T13:03:36.155] [DEBUG] cheese - admin
[2020-01-10T13:03:36.245] [DEBUG] cheese - null
[2020-01-10T13:03:36.246] [DEBUG] cheese - null
[2020-01-10T14:34:21.313] [DEBUG] cheese - login => username:admin,password:123456
[2020-01-10T14:34:21.317] [DEBUG] cheese - admin
[2020-01-10T14:34:21.325] [DEBUG] cheese - null
[2020-01-10T14:34:21.326] [DEBUG] cheese - null
[2020-01-10T16:27:51.118] [DEBUG] cheese - login => username:admin,password:123456
[2020-01-10T16:27:51.121] [DEBUG] cheese - admin
[2020-01-10T16:27:51.126] [DEBUG] cheese - null
[2020-01-10T16:27:51.127] [DEBUG] cheese - null
[2020-01-20T18:26:25.500] [DEBUG] cheese - login => username:admin,password:123456
[2020-01-20T18:26:25.503] [DEBUG] cheese - admin
[2020-01-20T18:26:25.593] [DEBUG] cheese - null
[2020-01-20T18:26:25.594] [DEBUG] cheese - null
[2020-01-21T14:22:44.400] [DEBUG] cheese - login => username:admin,password:123456
[2020-01-21T14:22:44.402] [DEBUG] cheese - admin
[2020-01-21T14:22:44.496] [DEBUG] cheese - null
[2020-01-21T14:22:44.497] [DEBUG] cheese - null
[2020-01-21T15:48:23.637] [DEBUG] cheese - login => username:admin,password:123456
[2020-01-21T15:48:23.640] [DEBUG] cheese - admin
[2020-01-21T15:48:23.671] [DEBUG] cheese - null
[2020-01-21T15:48:23.672] [DEBUG] cheese - null
[2020-01-22T14:42:08.686] [DEBUG] cheese - login => username:admin,password:123456
[2020-01-22T14:42:08.687] [DEBUG] cheese - admin
[2020-01-22T14:42:08.805] [DEBUG] cheese - null
[2020-01-22T14:42:08.805] [DEBUG] cheese - null
